2025-07-24 09:48:04.702 +05:30 [INF] User profile is available. Using 'C:\Users\Admin\AppData\Local\ASP.NET\DataProtection-Keys' as key repository and Windows DPAPI to encrypt keys at rest.
2025-07-24 09:48:05.347 +05:30 [INF] Now listening on: http://localhost:5236
2025-07-24 09:48:05.643 +05:30 [INF] Application started. Press Ctrl+C to shut down.
2025-07-24 09:48:05.644 +05:30 [INF] Hosting environment: Development
2025-07-24 09:48:05.644 +05:30 [INF] Content root path: C:\Users\Admin\source\repos\HmsNet\HmsNet
2025-07-24 09:48:10.310 +05:30 [INF] Request starting HTTP/1.1 GET http://localhost:5236/swagger/index.html - null null
2025-07-24 09:48:11.752 +05:30 [INF] Request finished HTTP/1.1 GET http://localhost:5236/swagger/index.html - 200 null text/html;charset=utf-8 1466.3712ms
2025-07-24 09:48:12.602 +05:30 [INF] Request starting HTTP/1.1 GET http://localhost:5236/_framework/aspnetcore-browser-refresh.js - null null
2025-07-24 09:48:12.606 +05:30 [INF] Request finished HTTP/1.1 GET http://localhost:5236/_framework/aspnetcore-browser-refresh.js - 200 16497 application/javascript; charset=utf-8 4.6433ms
2025-07-24 09:48:12.680 +05:30 [INF] Request starting HTTP/1.1 GET http://localhost:5236/_vs/browserLink - null null
2025-07-24 09:48:12.891 +05:30 [INF] Request finished HTTP/1.1 GET http://localhost:5236/_vs/browserLink - 200 null text/javascript; charset=UTF-8 211.2596ms
2025-07-24 09:48:14.407 +05:30 [INF] Request starting HTTP/1.1 GET http://localhost:5236/swagger/v1/swagger.json - null null
2025-07-24 09:48:14.438 +05:30 [INF] Request finished HTTP/1.1 GET http://localhost:5236/swagger/v1/swagger.json - 200 null application/json;charset=utf-8 31.2989ms
2025-07-24 09:48:22.867 +05:30 [INF] Request starting HTTP/1.1 GET http://localhost:5236/swagger/index.html - null null
2025-07-24 09:48:22.878 +05:30 [INF] Request finished HTTP/1.1 GET http://localhost:5236/swagger/index.html - 200 null text/html;charset=utf-8 10.2536ms
2025-07-24 09:48:22.936 +05:30 [INF] Request starting HTTP/1.1 GET http://localhost:5236/_vs/browserLink - null null
2025-07-24 09:48:22.948 +05:30 [INF] Request starting HTTP/1.1 GET http://localhost:5236/_framework/aspnetcore-browser-refresh.js - null null
2025-07-24 09:48:22.952 +05:30 [INF] Request finished HTTP/1.1 GET http://localhost:5236/_framework/aspnetcore-browser-refresh.js - 200 16497 application/javascript; charset=utf-8 4.9169ms
2025-07-24 09:48:22.972 +05:30 [INF] Request finished HTTP/1.1 GET http://localhost:5236/_vs/browserLink - 200 null text/javascript; charset=UTF-8 36.6609ms
2025-07-24 09:48:23.078 +05:30 [INF] Request starting HTTP/1.1 GET http://localhost:5236/swagger/v1/swagger.json - null null
2025-07-24 09:48:23.110 +05:30 [INF] Request finished HTTP/1.1 GET http://localhost:5236/swagger/v1/swagger.json - 200 null application/json;charset=utf-8 32.7515ms
2025-07-24 09:48:29.250 +05:30 [INF] Request starting HTTP/1.1 GET http://localhost:5236/api/Items - null null
2025-07-24 09:48:29.259 +05:30 [WRN] Failed to determine the https port for redirect.
2025-07-24 09:48:29.368 +05:30 [INF] Executing endpoint 'HmsNet.Controllers.ItemsController.GetItems (HmsNet)'
2025-07-24 09:48:29.420 +05:30 [INF] Route matched with {action = "GetItems", controller = "Items"}. Executing controller action with signature System.Threading.Tasks.Task`1[Microsoft.AspNetCore.Mvc.ActionResult`1[HmsNet.Models.DTO.ServiceResponse`1[System.Collections.Generic.IEnumerable`1[HmsNet.Models.Domain.Item]]]] GetItems() on controller HmsNet.Controllers.ItemsController (HmsNet).
2025-07-24 09:48:29.433 +05:30 [INF] Executed action HmsNet.Controllers.ItemsController.GetItems (HmsNet) in 5.4223ms
2025-07-24 09:48:29.435 +05:30 [INF] Executed endpoint 'HmsNet.Controllers.ItemsController.GetItems (HmsNet)'
2025-07-24 09:48:29.439 +05:30 [ERR] An unhandled exception has occurred while executing the request.
System.InvalidOperationException: Unable to resolve service for type 'HmsNet.Services.Interfaces.IItemService' while attempting to activate 'HmsNet.Controllers.ItemsController'.
   at Microsoft.Extensions.DependencyInjection.ActivatorUtilities.ThrowHelperUnableToResolveService(Type type, Type requiredBy)
   at lambda_method10(Closure, IServiceProvider, Object[])
   at Microsoft.AspNetCore.Mvc.Controllers.ControllerFactoryProvider.<>c__DisplayClass6_0.<CreateControllerFactory>g__CreateController|0(ControllerContext controllerContext)
   at Microsoft.AspNetCore.Mvc.Infrastructure.ControllerActionInvoker.Next(State& next, Scope& scope, Object& state, Boolean& isCompleted)
   at Microsoft.AspNetCore.Mvc.Infrastructure.ControllerActionInvoker.InvokeInnerFilterAsync()
--- End of stack trace from previous location ---
   at Microsoft.AspNetCore.Mvc.Infrastructure.ResourceInvoker.<InvokeFilterPipelineAsync>g__Awaited|20_0(ResourceInvoker invoker, Task lastTask, State next, Scope scope, Object state, Boolean isCompleted)
   at Microsoft.AspNetCore.Mvc.Infrastructure.ResourceInvoker.<InvokeAsync>g__Logged|17_1(ResourceInvoker invoker)
   at Microsoft.AspNetCore.Mvc.Infrastructure.ResourceInvoker.<InvokeAsync>g__Logged|17_1(ResourceInvoker invoker)
   at Microsoft.AspNetCore.Routing.EndpointMiddleware.<Invoke>g__AwaitRequestTask|7_0(Endpoint endpoint, Task requestTask, ILogger logger)
   at Microsoft.AspNetCore.Authorization.AuthorizationMiddleware.Invoke(HttpContext context)
   at Microsoft.AspNetCore.Authentication.AuthenticationMiddleware.Invoke(HttpContext context)
   at Microsoft.AspNetCore.Session.SessionMiddleware.Invoke(HttpContext context)
   at Microsoft.AspNetCore.Session.SessionMiddleware.Invoke(HttpContext context)
   at Microsoft.AspNetCore.Diagnostics.ExceptionHandlerMiddlewareImpl.<Invoke>g__Awaited|10_0(ExceptionHandlerMiddlewareImpl middleware, HttpContext context, Task task)
2025-07-24 09:48:29.491 +05:30 [INF] Request finished HTTP/1.1 GET http://localhost:5236/api/Items - 500 null application/json 241.355ms
2025-07-24 09:48:49.049 +05:30 [INF] User profile is available. Using 'C:\Users\Admin\AppData\Local\ASP.NET\DataProtection-Keys' as key repository and Windows DPAPI to encrypt keys at rest.
2025-07-24 09:48:49.447 +05:30 [INF] Now listening on: http://localhost:5236
2025-07-24 09:48:49.721 +05:30 [INF] Application started. Press Ctrl+C to shut down.
2025-07-24 09:48:49.722 +05:30 [INF] Hosting environment: Development
2025-07-24 09:48:49.722 +05:30 [INF] Content root path: C:\Users\Admin\source\repos\HmsNet\HmsNet
2025-07-24 09:48:51.664 +05:30 [INF] Request starting HTTP/1.1 GET http://localhost:5236/swagger/index.html - null null
2025-07-24 09:48:52.261 +05:30 [INF] Request finished HTTP/1.1 GET http://localhost:5236/swagger/index.html - 200 null text/html;charset=utf-8 611.0428ms
2025-07-24 09:48:52.386 +05:30 [INF] Request starting HTTP/1.1 GET http://localhost:5236/_framework/aspnetcore-browser-refresh.js - null null
2025-07-24 09:48:52.391 +05:30 [INF] Request finished HTTP/1.1 GET http://localhost:5236/_framework/aspnetcore-browser-refresh.js - 200 16497 application/javascript; charset=utf-8 8.1727ms
2025-07-24 09:48:52.393 +05:30 [INF] Request starting HTTP/1.1 GET http://localhost:5236/_vs/browserLink - null null
2025-07-24 09:48:52.576 +05:30 [INF] Request finished HTTP/1.1 GET http://localhost:5236/_vs/browserLink - 200 null text/javascript; charset=UTF-8 183.7947ms
2025-07-24 09:48:52.675 +05:30 [INF] Request starting HTTP/1.1 GET http://localhost:5236/swagger/v1/swagger.json - null null
2025-07-24 09:48:52.750 +05:30 [INF] Request finished HTTP/1.1 GET http://localhost:5236/swagger/v1/swagger.json - 200 null application/json;charset=utf-8 75.3238ms
2025-07-24 09:49:06.429 +05:30 [INF] Request starting HTTP/1.1 GET http://localhost:5236/api/Items - null null
2025-07-24 09:49:06.439 +05:30 [WRN] Failed to determine the https port for redirect.
2025-07-24 09:49:06.555 +05:30 [INF] Executing endpoint 'HmsNet.Controllers.ItemsController.GetItems (HmsNet)'
2025-07-24 09:49:06.585 +05:30 [INF] Route matched with {action = "GetItems", controller = "Items"}. Executing controller action with signature System.Threading.Tasks.Task`1[Microsoft.AspNetCore.Mvc.ActionResult`1[HmsNet.Models.DTO.ServiceResponse`1[System.Collections.Generic.IEnumerable`1[HmsNet.Models.Domain.Item]]]] GetItems() on controller HmsNet.Controllers.ItemsController (HmsNet).
2025-07-24 09:49:07.809 +05:30 [WRN] No store type was specified for the decimal property 'DiscountAmount' on entity type 'Bill'. This will cause values to be silently truncated if they do not fit in the default precision and scale. Explicitly specify the SQL server column type that can accommodate all the values in 'OnModelCreating' using 'HasColumnType', specify precision and scale using 'HasPrecision', or configure a value converter using 'HasConversion'.
2025-07-24 09:49:07.810 +05:30 [WRN] No store type was specified for the decimal property 'FinalAmount' on entity type 'Bill'. This will cause values to be silently truncated if they do not fit in the default precision and scale. Explicitly specify the SQL server column type that can accommodate all the values in 'OnModelCreating' using 'HasColumnType', specify precision and scale using 'HasPrecision', or configure a value converter using 'HasConversion'.
2025-07-24 09:49:07.810 +05:30 [WRN] No store type was specified for the decimal property 'TaxAmount' on entity type 'Bill'. This will cause values to be silently truncated if they do not fit in the default precision and scale. Explicitly specify the SQL server column type that can accommodate all the values in 'OnModelCreating' using 'HasColumnType', specify precision and scale using 'HasPrecision', or configure a value converter using 'HasConversion'.
2025-07-24 09:49:07.810 +05:30 [WRN] No store type was specified for the decimal property 'TotalAmount' on entity type 'Bill'. This will cause values to be silently truncated if they do not fit in the default precision and scale. Explicitly specify the SQL server column type that can accommodate all the values in 'OnModelCreating' using 'HasColumnType', specify precision and scale using 'HasPrecision', or configure a value converter using 'HasConversion'.
2025-07-24 09:49:07.810 +05:30 [WRN] No store type was specified for the decimal property 'Rate' on entity type 'Item'. This will cause values to be silently truncated if they do not fit in the default precision and scale. Explicitly specify the SQL server column type that can accommodate all the values in 'OnModelCreating' using 'HasColumnType', specify precision and scale using 'HasPrecision', or configure a value converter using 'HasConversion'.
2025-07-24 09:49:07.810 +05:30 [WRN] No store type was specified for the decimal property 'TotalAmount' on entity type 'Order'. This will cause values to be silently truncated if they do not fit in the default precision and scale. Explicitly specify the SQL server column type that can accommodate all the values in 'OnModelCreating' using 'HasColumnType', specify precision and scale using 'HasPrecision', or configure a value converter using 'HasConversion'.
2025-07-24 09:49:07.810 +05:30 [WRN] No store type was specified for the decimal property 'Amount' on entity type 'OrderDetail'. This will cause values to be silently truncated if they do not fit in the default precision and scale. Explicitly specify the SQL server column type that can accommodate all the values in 'OnModelCreating' using 'HasColumnType', specify precision and scale using 'HasPrecision', or configure a value converter using 'HasConversion'.
2025-07-24 09:49:07.810 +05:30 [WRN] No store type was specified for the decimal property 'Rate' on entity type 'OrderDetail'. This will cause values to be silently truncated if they do not fit in the default precision and scale. Explicitly specify the SQL server column type that can accommodate all the values in 'OnModelCreating' using 'HasColumnType', specify precision and scale using 'HasPrecision', or configure a value converter using 'HasConversion'.
2025-07-24 09:49:07.810 +05:30 [WRN] No store type was specified for the decimal property 'Amount' on entity type 'Transaction'. This will cause values to be silently truncated if they do not fit in the default precision and scale. Explicitly specify the SQL server column type that can accommodate all the values in 'OnModelCreating' using 'HasColumnType', specify precision and scale using 'HasPrecision', or configure a value converter using 'HasConversion'.
2025-07-24 09:49:09.122 +05:30 [INF] Executed DbCommand (72ms) [Parameters=[], CommandType='"Text"', CommandTimeout='30']
SELECT [i].[ItemId], [i].[Category], [i].[IsActive], [i].[ItemName], [i].[Rate]
FROM [Items] AS [i]
2025-07-24 09:49:09.303 +05:30 [INF] Executing ObjectResult, writing value of type 'HmsNet.Models.DTO.ServiceResponse`1[[System.Collections.Generic.IEnumerable`1[[HmsNet.Models.Domain.Item, HmsNet, Version=1.0.0.0, Culture=neutral, PublicKeyToken=null]], System.Private.CoreLib, Version=8.0.0.0, Culture=neutral, PublicKeyToken=7cec85d7bea7798e]]'.
2025-07-24 09:49:09.336 +05:30 [INF] Executed action HmsNet.Controllers.ItemsController.GetItems (HmsNet) in 2747.7944ms
2025-07-24 09:49:09.337 +05:30 [INF] Executed endpoint 'HmsNet.Controllers.ItemsController.GetItems (HmsNet)'
2025-07-24 09:49:09.348 +05:30 [INF] Request finished HTTP/1.1 GET http://localhost:5236/api/Items - 200 null application/json; charset=utf-8 2920.0045ms
2025-07-24 09:50:35.125 +05:30 [INF] Request starting HTTP/1.1 GET http://localhost:5236/api/Items/2 - null null
2025-07-24 09:50:35.144 +05:30 [INF] Executing endpoint 'HmsNet.Controllers.ItemsController.GetItem (HmsNet)'
2025-07-24 09:50:35.170 +05:30 [INF] Route matched with {action = "GetItem", controller = "Items"}. Executing controller action with signature System.Threading.Tasks.Task`1[Microsoft.AspNetCore.Mvc.ActionResult`1[HmsNet.Models.DTO.ServiceResponse`1[HmsNet.Models.Domain.Item]]] GetItem(Int32) on controller HmsNet.Controllers.ItemsController (HmsNet).
2025-07-24 09:50:35.465 +05:30 [INF] Executed DbCommand (51ms) [Parameters=[@__p_0='?' (DbType = Int32)], CommandType='"Text"', CommandTimeout='30']
SELECT TOP(1) [i].[ItemId], [i].[Category], [i].[IsActive], [i].[ItemName], [i].[Rate]
FROM [Items] AS [i]
WHERE [i].[ItemId] = @__p_0
2025-07-24 09:50:35.470 +05:30 [INF] Executing ObjectResult, writing value of type 'HmsNet.Models.DTO.ServiceResponse`1[[HmsNet.Models.Domain.Item, HmsNet, Version=1.0.0.0, Culture=neutral, PublicKeyToken=null]]'.
2025-07-24 09:50:35.475 +05:30 [INF] Executed action HmsNet.Controllers.ItemsController.GetItem (HmsNet) in 304.6169ms
2025-07-24 09:50:35.475 +05:30 [INF] Executed endpoint 'HmsNet.Controllers.ItemsController.GetItem (HmsNet)'
2025-07-24 09:50:35.476 +05:30 [INF] Request finished HTTP/1.1 GET http://localhost:5236/api/Items/2 - 200 null application/json; charset=utf-8 351.0884ms
